Using pre-set license
Built from '2020.3/staging' branch; Version is '2020.3.6f1 (338bb68529b2) revision 3378102'; Using compiler version '192528614'; Build Type 'Release'
OS: 'Windows 10 Home; OS build 19042.985; Version 2009; 64bit' Language: 'fr' Physical Memory: 16292 MB
BatchMode: 1, IsHumanControllingUs: 0, StartBugReporterOnCrash: 0, Is64bit: 1, IsPro: 0

 COMMAND LINE ARGUMENTS:
F:\Unity Editor\2020.3.6f1\Editor\Unity.exe
-adb2
-batchMode
-noUpm
-name
AssetImportWorker0
-projectPath
D:/UNITY_PROJECT/lautrec_game/lautrec game
-logFile
Logs/AssetImportWorker0.log
-srvPort
58874
Successfully changed project path to: D:/UNITY_PROJECT/lautrec_game/lautrec game
D:/UNITY_PROJECT/lautrec_game/lautrec game
Using Asset Import Pipeline V2.
Refreshing native plugins compatible for Editor in 94.15 ms, found 1 plugins.
Preloading 0 native plugins for Editor in 0.00 ms.
Initialize engine version: 2020.3.6f1 (338bb68529b2)
[Subsystems] Discovering subsystems at path F:/Unity Editor/2020.3.6f1/Editor/Data/Resources/UnitySubsystems
[Subsystems] Discovering subsystems at path D:/UNITY_PROJECT/lautrec_game/lautrec game/Assets
GfxDevice: creating device client; threaded=0
Direct3D:
    Version:  Direct3D 11.0 [level 11.1]
    Renderer: NVIDIA GeForce GTX 970M (ID=0x1618)
    Vendor:   
    VRAM:     3029 MB
    Driver:   27.21.14.6109
Shader 'Universal Render Pipeline/Particles/Lit': fallback shader 'Universal Render Pipeline/Particles/SimpleLit' not found
Initialize mono
Mono path[0] = 'F:/Unity Editor/2020.3.6f1/Editor/Data/Managed'
Mono path[1] = 'F:/Unity Editor/2020.3.6f1/Editor/Data/MonoBleedingEdge/lib/mono/unityjit'
Mono config path = 'F:/Unity Editor/2020.3.6f1/Editor/Data/MonoBleedingEdge/etc'
Using monoOptions --debugger-agent=transport=dt_socket,embedding=1,server=y,suspend=n,address=127.0.0.1:56876
Begin MonoManager ReloadAssembly
Registering precompiled unity dll's ...
Register platform support module: F:/Unity Editor/2020.3.6f1/Editor/Data/PlaybackEngines/WebGLSupport/UnityEditor.WebGL.Extensions.dll
Register platform support module: F:/Unity Editor/2020.3.6f1/Editor/Data/PlaybackEngines/MacStandaloneSupport/UnityEditor.OSXStandalone.Extensions.dll
Register platform support module: F:/Unity Editor/2020.3.6f1/Editor/Data/PlaybackEngines/WindowsStandaloneSupport/UnityEditor.WindowsStandalone.Extensions.dll
Register platform support module: F:/Unity Editor/2020.3.6f1/Editor/Data/PlaybackEngines/LinuxStandaloneSupport/UnityEditor.LinuxStandalone.Extensions.dll
Registered in 0.002536 seconds.
Native extension for LinuxStandalone target not found
Native extension for WindowsStandalone target not found
Native extension for OSXStandalone target not found
Native extension for WebGL target not found
Refreshing native plugins compatible for Editor in 90.85 ms, found 1 plugins.
Preloading 0 native plugins for Editor in 0.00 ms.
Mono: successfully reloaded assembly
- Completed reload, in  1.331 seconds
Platform modules already initialized, skipping
Registering precompiled user dll's ...
Registered in 0.003776 seconds.
Begin MonoManager ReloadAssembly
Native extension for LinuxStandalone target not found
Native extension for WindowsStandalone target not found
Native extension for OSXStandalone target not found
Native extension for WebGL target not found
Refreshing native plugins compatible for Editor in 96.06 ms, found 1 plugins.
Preloading 0 native plugins for Editor in 0.00 ms.
Mono: successfully reloaded assembly
- Completed reload, in  1.649 seconds
Platform modules already initialized, skipping
========================================================================
Worker process is ready to serve import requests
Shader 'Universal Render Pipeline/Particles/Lit': fallback shader 'Universal Render Pipeline/Particles/SimpleLit' not found
Launched and connected shader compiler UnityShaderCompiler.exe after 0.07 seconds
Refreshing native plugins compatible for Editor in 1.26 ms, found 1 plugins.
Preloading 0 native plugins for Editor in 0.00 ms.
Unloading 3162 Unused Serialized files (Serialized files now loaded: 0)
System memory in use before: 141.2 MB.
System memory in use after: 141.4 MB.

Unloading 20 unused Assets to reduce memory usage. Loaded Objects now: 3614.
Total: 3.562800 ms (FindLiveObjects: 0.394200 ms CreateObjectMapping: 0.214500 ms MarkObjects: 2.874500 ms  DeleteObjects: 0.078400 ms)

========================================================================
Received Import Request.
  path: Assets/Scenes/MainScene.unity
  artifactKey: Guid(2cda990e2423bbf4892e6590ba056729) Importer(815301076,1909f56bfc062723c751e8b465ee728b)
Start importing Assets/Scenes/MainScene.unity using Guid(2cda990e2423bbf4892e6590ba056729) Importer(815301076,1909f56bfc062723c751e8b465ee728b)  -> (artifact id: '3d90c56b6b60380baafc5dd34647117a') in 0.019059 seconds
  Import took 0.025353 seconds .

========================================================================
Received Prepare
Registering precompiled user dll's ...
Registered in 0.003824 seconds.
Begin MonoManager ReloadAssembly
Native extension for LinuxStandalone target not found
Native extension for WindowsStandalone target not found
Native extension for OSXStandalone target not found
Native extension for WebGL target not found
Refreshing native plugins compatible for Editor in 1.15 ms, found 1 plugins.
Preloading 0 native plugins for Editor in 0.00 ms.
Mono: successfully reloaded assembly
- Completed reload, in  1.330 seconds
Platform modules already initialized, skipping
Shader 'Universal Render Pipeline/Particles/Lit': fallback shader 'Universal Render Pipeline/Particles/SimpleLit' not found
Refreshing native plugins compatible for Editor in 0.81 ms, found 1 plugins.
Preloading 0 native plugins for Editor in 0.00 ms.
Unloading 3043 Unused Serialized files (Serialized files now loaded: 0)
System memory in use before: 133.4 MB.
System memory in use after: 133.6 MB.

Unloading 10 unused Assets to reduce memory usage. Loaded Objects now: 3617.
Total: 3.890300 ms (FindLiveObjects: 0.491600 ms CreateObjectMapping: 0.371600 ms MarkObjects: 3.003800 ms  DeleteObjects: 0.021500 ms)

========================================================================
Received Import Request.
  Time since last request: 2401.183335 seconds.
  path: Assets/Scenes/dialogue test scene.unity
  artifactKey: Guid(f75cffc481918da429c25ff83fc2633e) Importer(815301076,1909f56bfc062723c751e8b465ee728b)
Start importing Assets/Scenes/dialogue test scene.unity using Guid(f75cffc481918da429c25ff83fc2633e) Importer(815301076,1909f56bfc062723c751e8b465ee728b)  -> (artifact id: '498778dfe449857920143b54f7ebe71a') in 0.080812 seconds
  Import took 0.087548 seconds .

========================================================================
Received Prepare
Registering precompiled user dll's ...
Registered in 0.002768 seconds.
Begin MonoManager ReloadAssembly
Native extension for LinuxStandalone target not found
Native extension for WindowsStandalone target not found
Native extension for OSXStandalone target not found
Native extension for WebGL target not found
Refreshing native plugins compatible for Editor in 1.70 ms, found 1 plugins.
Preloading 0 native plugins for Editor in 0.00 ms.
Mono: successfully reloaded assembly
- Completed reload, in  1.509 seconds
Platform modules already initialized, skipping
Shader 'Universal Render Pipeline/Particles/Lit': fallback shader 'Universal Render Pipeline/Particles/SimpleLit' not found
Refreshing native plugins compatible for Editor in 0.98 ms, found 1 plugins.
Preloading 0 native plugins for Editor in 0.00 ms.
Unloading 3043 Unused Serialized files (Serialized files now loaded: 0)
System memory in use before: 133.5 MB.
System memory in use after: 133.7 MB.

Unloading 10 unused Assets to reduce memory usage. Loaded Objects now: 3620.
Total: 4.854900 ms (FindLiveObjects: 0.586600 ms CreateObjectMapping: 0.319800 ms MarkObjects: 3.914300 ms  DeleteObjects: 0.032400 ms)

========================================================================
Received Prepare
Registering precompiled user dll's ...
Registered in 0.003949 seconds.
Begin MonoManager ReloadAssembly
Native extension for LinuxStandalone target not found
Native extension for WindowsStandalone target not found
Native extension for OSXStandalone target not found
Native extension for WebGL target not found
Refreshing native plugins compatible for Editor in 0.98 ms, found 1 plugins.
Preloading 0 native plugins for Editor in 0.00 ms.
Mono: successfully reloaded assembly
- Completed reload, in  1.548 seconds
Platform modules already initialized, skipping
Shader 'Universal Render Pipeline/Particles/Lit': fallback shader 'Universal Render Pipeline/Particles/SimpleLit' not found
Refreshing native plugins compatible for Editor in 1.37 ms, found 1 plugins.
Preloading 0 native plugins for Editor in 0.00 ms.
Unloading 3043 Unused Serialized files (Serialized files now loaded: 0)
System memory in use before: 133.5 MB.
System memory in use after: 133.7 MB.

Unloading 10 unused Assets to reduce memory usage. Loaded Objects now: 3623.
Total: 5.738700 ms (FindLiveObjects: 0.536100 ms CreateObjectMapping: 0.370600 ms MarkObjects: 4.783500 ms  DeleteObjects: 0.046900 ms)

========================================================================
Received Prepare
Registering precompiled user dll's ...
Registered in 0.002731 seconds.
Begin MonoManager ReloadAssembly
Native extension for LinuxStandalone target not found
Native extension for WindowsStandalone target not found
Native extension for OSXStandalone target not found
Native extension for WebGL target not found
Refreshing native plugins compatible for Editor in 0.90 ms, found 1 plugins.
Preloading 0 native plugins for Editor in 0.00 ms.
Mono: successfully reloaded assembly
- Completed reload, in  1.157 seconds
Platform modules already initialized, skipping
Shader 'Universal Render Pipeline/Particles/Lit': fallback shader 'Universal Render Pipeline/Particles/SimpleLit' not found
Refreshing native plugins compatible for Editor in 0.79 ms, found 1 plugins.
Preloading 0 native plugins for Editor in 0.00 ms.
Unloading 3043 Unused Serialized files (Serialized files now loaded: 0)
System memory in use before: 133.5 MB.
System memory in use after: 133.7 MB.

Unloading 10 unused Assets to reduce memory usage. Loaded Objects now: 3626.
Total: 3.464200 ms (FindLiveObjects: 0.492300 ms CreateObjectMapping: 0.219700 ms MarkObjects: 2.679700 ms  DeleteObjects: 0.058100 ms)

========================================================================
Received Prepare
Registering precompiled user dll's ...
Registered in 0.002701 seconds.
Begin MonoManager ReloadAssembly
Native extension for LinuxStandalone target not found
Native extension for WindowsStandalone target not found
Native extension for OSXStandalone target not found
Native extension for WebGL target not found
Refreshing native plugins compatible for Editor in 0.88 ms, found 1 plugins.
Preloading 0 native plugins for Editor in 0.00 ms.
Mono: successfully reloaded assembly
- Completed reload, in  1.340 seconds
Platform modules already initialized, skipping
Shader 'Universal Render Pipeline/Particles/Lit': fallback shader 'Universal Render Pipeline/Particles/SimpleLit' not found
Refreshing native plugins compatible for Editor in 0.80 ms, found 1 plugins.
Preloading 0 native plugins for Editor in 0.00 ms.
Unloading 3043 Unused Serialized files (Serialized files now loaded: 0)
System memory in use before: 133.5 MB.
System memory in use after: 133.8 MB.

Unloading 10 unused Assets to reduce memory usage. Loaded Objects now: 3629.
Total: 3.190200 ms (FindLiveObjects: 0.309600 ms CreateObjectMapping: 0.174500 ms MarkObjects: 2.648000 ms  DeleteObjects: 0.057200 ms)

========================================================================
Received Prepare
Registering precompiled user dll's ...
Registered in 0.002784 seconds.
Begin MonoManager ReloadAssembly
Native extension for LinuxStandalone target not found
Native extension for WindowsStandalone target not found
Native extension for OSXStandalone target not found
Native extension for WebGL target not found
Refreshing native plugins compatible for Editor in 0.88 ms, found 1 plugins.
Preloading 0 native plugins for Editor in 0.00 ms.
Mono: successfully reloaded assembly
- Completed reload, in  1.143 seconds
Platform modules already initialized, skipping
Shader 'Universal Render Pipeline/Particles/Lit': fallback shader 'Universal Render Pipeline/Particles/SimpleLit' not found
Refreshing native plugins compatible for Editor in 0.79 ms, found 1 plugins.
Preloading 0 native plugins for Editor in 0.00 ms.
Unloading 3043 Unused Serialized files (Serialized files now loaded: 0)
System memory in use before: 133.5 MB.
System memory in use after: 133.8 MB.

Unloading 10 unused Assets to reduce memory usage. Loaded Objects now: 3632.
Total: 4.430100 ms (FindLiveObjects: 0.418100 ms CreateObjectMapping: 0.283500 ms MarkObjects: 3.689400 ms  DeleteObjects: 0.037900 ms)

========================================================================
Received Import Request.
  Time since last request: 6138.677106 seconds.
  path: Assets/Dialogs/NewDialog.asset
  artifactKey: Guid(50586092ecfc3a34cb47c052032fd7f9) Importer(815301076,1909f56bfc062723c751e8b465ee728b)
Start importing Assets/Dialogs/NewDialog.asset using Guid(50586092ecfc3a34cb47c052032fd7f9) Importer(815301076,1909f56bfc062723c751e8b465ee728b)  -> (artifact id: 'a9e6da11a1e500d37780b9de06248ddc') in 0.082776 seconds
  Import took 0.089393 seconds .

========================================================================
Received Import Request.
  Time since last request: 12.431255 seconds.
  path: Assets/Dialogs/NewDialog.asset
  artifactKey: Guid(50586092ecfc3a34cb47c052032fd7f9) Importer(815301076,1909f56bfc062723c751e8b465ee728b)
Start importing Assets/Dialogs/NewDialog.asset using Guid(50586092ecfc3a34cb47c052032fd7f9) Importer(815301076,1909f56bfc062723c751e8b465ee728b)  -> (artifact id: '9d0a2a15c9a56219a7cd9f8676758367') in 0.005252 seconds
  Import took 0.011109 seconds .

========================================================================
Received Import Request.
  Time since last request: 37.339379 seconds.
  path: Assets/Dialogs/NewDialog.asset
  artifactKey: Guid(50586092ecfc3a34cb47c052032fd7f9) Importer(815301076,1909f56bfc062723c751e8b465ee728b)
Start importing Assets/Dialogs/NewDialog.asset using Guid(50586092ecfc3a34cb47c052032fd7f9) Importer(815301076,1909f56bfc062723c751e8b465ee728b)  -> (artifact id: 'de7e58aeeb9556555821150992678c9c') in 0.005459 seconds
  Import took 0.011100 seconds .

========================================================================
Received Import Request.
  Time since last request: 1.095426 seconds.
  path: Assets/Dialogs/NewDialog.asset
  artifactKey: Guid(50586092ecfc3a34cb47c052032fd7f9) Importer(815301076,1909f56bfc062723c751e8b465ee728b)
Start importing Assets/Dialogs/NewDialog.asset using Guid(50586092ecfc3a34cb47c052032fd7f9) Importer(815301076,1909f56bfc062723c751e8b465ee728b)  -> (artifact id: 'd018d6b34dce42a20bf1a41b5fb5a7cc') in 0.005350 seconds
  Import took 0.011865 seconds .

========================================================================
Received Import Request.
  Time since last request: 1.468628 seconds.
  path: Assets/Dialogs/NewDialog.asset
  artifactKey: Guid(50586092ecfc3a34cb47c052032fd7f9) Importer(815301076,1909f56bfc062723c751e8b465ee728b)
Start importing Assets/Dialogs/NewDialog.asset using Guid(50586092ecfc3a34cb47c052032fd7f9) Importer(815301076,1909f56bfc062723c751e8b465ee728b)  -> (artifact id: 'cb72b9e350a55a3033f7b1f52070df72') in 0.005199 seconds
  Import took 0.010870 seconds .

========================================================================
Received Import Request.
  Time since last request: 19.480727 seconds.
  path: Assets/Dialogs/NewDialog.asset
  artifactKey: Guid(50586092ecfc3a34cb47c052032fd7f9) Importer(815301076,1909f56bfc062723c751e8b465ee728b)
Start importing Assets/Dialogs/NewDialog.asset using Guid(50586092ecfc3a34cb47c052032fd7f9) Importer(815301076,1909f56bfc062723c751e8b465ee728b)  -> (artifact id: '9668f61a97e19d79229bb7aac12df2d5') in 0.005573 seconds
  Import took 0.012132 seconds .

========================================================================
Received Import Request.
  Time since last request: 2.869276 seconds.
  path: Assets/Dialogs/NewDialog.asset
  artifactKey: Guid(50586092ecfc3a34cb47c052032fd7f9) Importer(815301076,1909f56bfc062723c751e8b465ee728b)
Start importing Assets/Dialogs/NewDialog.asset using Guid(50586092ecfc3a34cb47c052032fd7f9) Importer(815301076,1909f56bfc062723c751e8b465ee728b)  -> (artifact id: '85e35da490a0e7cda69921b1dd42fbda') in 0.005237 seconds
  Import took 0.011165 seconds .

========================================================================
Received Import Request.
  Time since last request: 9.892138 seconds.
  path: Assets/Dialogs/NewDialog.asset
  artifactKey: Guid(50586092ecfc3a34cb47c052032fd7f9) Importer(815301076,1909f56bfc062723c751e8b465ee728b)
Start importing Assets/Dialogs/NewDialog.asset using Guid(50586092ecfc3a34cb47c052032fd7f9) Importer(815301076,1909f56bfc062723c751e8b465ee728b)  -> (artifact id: '8b5abd1e80bccb78c199aba2547e9df7') in 0.005055 seconds
  Import took 0.011805 seconds .

========================================================================
Received Import Request.
  Time since last request: 3.634855 seconds.
  path: Assets/Dialogs/NewDialog.asset
  artifactKey: Guid(50586092ecfc3a34cb47c052032fd7f9) Importer(815301076,1909f56bfc062723c751e8b465ee728b)
Start importing Assets/Dialogs/NewDialog.asset using Guid(50586092ecfc3a34cb47c052032fd7f9) Importer(815301076,1909f56bfc062723c751e8b465ee728b)  -> (artifact id: '6d3c0a15e1f8ff20e9292a67dc41bf7e') in 0.005312 seconds
  Import took 0.010813 seconds .

========================================================================
Received Import Request.
  Time since last request: 0.453955 seconds.
  path: Assets/Dialogs/NewDialog.asset
  artifactKey: Guid(50586092ecfc3a34cb47c052032fd7f9) Importer(815301076,1909f56bfc062723c751e8b465ee728b)
Start importing Assets/Dialogs/NewDialog.asset using Guid(50586092ecfc3a34cb47c052032fd7f9) Importer(815301076,1909f56bfc062723c751e8b465ee728b)  -> (artifact id: '554d34bc5b29553d5501162a3118a6a1') in 0.004975 seconds
  Import took 0.010758 seconds .

========================================================================
Received Import Request.
  Time since last request: 0.343134 seconds.
  path: Assets/Dialogs/NewDialog.asset
  artifactKey: Guid(50586092ecfc3a34cb47c052032fd7f9) Importer(815301076,1909f56bfc062723c751e8b465ee728b)
Start importing Assets/Dialogs/NewDialog.asset using Guid(50586092ecfc3a34cb47c052032fd7f9) Importer(815301076,1909f56bfc062723c751e8b465ee728b)  -> (artifact id: '74cc0b7e6c38dc7fddc17b537cf0e65f') in 0.004939 seconds
  Import took 0.010903 seconds .

========================================================================
Received Import Request.
  Time since last request: 0.647032 seconds.
  path: Assets/Dialogs/NewDialog.asset
  artifactKey: Guid(50586092ecfc3a34cb47c052032fd7f9) Importer(815301076,1909f56bfc062723c751e8b465ee728b)
Start importing Assets/Dialogs/NewDialog.asset using Guid(50586092ecfc3a34cb47c052032fd7f9) Importer(815301076,1909f56bfc062723c751e8b465ee728b)  -> (artifact id: '33671d288107a5dfdd06fbadcb0a4740') in 0.007068 seconds
  Import took 0.013664 seconds .

========================================================================
Received Import Request.
  Time since last request: 0.528825 seconds.
  path: Assets/Dialogs/NewDialog.asset
  artifactKey: Guid(50586092ecfc3a34cb47c052032fd7f9) Importer(815301076,1909f56bfc062723c751e8b465ee728b)
Start importing Assets/Dialogs/NewDialog.asset using Guid(50586092ecfc3a34cb47c052032fd7f9) Importer(815301076,1909f56bfc062723c751e8b465ee728b)  -> (artifact id: 'b983d2ae946bd6d0a4a75b960a08ff86') in 0.005267 seconds
  Import took 0.010653 seconds .

========================================================================
Received Import Request.
  Time since last request: 0.344500 seconds.
  path: Assets/Dialogs/NewDialog.asset
  artifactKey: Guid(50586092ecfc3a34cb47c052032fd7f9) Importer(815301076,1909f56bfc062723c751e8b465ee728b)
Start importing Assets/Dialogs/NewDialog.asset using Guid(50586092ecfc3a34cb47c052032fd7f9) Importer(815301076,1909f56bfc062723c751e8b465ee728b)  -> (artifact id: 'dd7813e959dd31e4fe457d5839f3f455') in 0.005169 seconds
  Import took 0.010869 seconds .

========================================================================
Received Import Request.
  Time since last request: 0.654388 seconds.
  path: Assets/Dialogs/NewDialog.asset
  artifactKey: Guid(50586092ecfc3a34cb47c052032fd7f9) Importer(815301076,1909f56bfc062723c751e8b465ee728b)
Start importing Assets/Dialogs/NewDialog.asset using Guid(50586092ecfc3a34cb47c052032fd7f9) Importer(815301076,1909f56bfc062723c751e8b465ee728b)  -> (artifact id: '73b45ae497f73505975a3cb3c80181f7') in 0.005495 seconds
  Import took 0.011073 seconds .

========================================================================
Received Import Request.
  Time since last request: 0.458126 seconds.
  path: Assets/Dialogs/NewDialog.asset
  artifactKey: Guid(50586092ecfc3a34cb47c052032fd7f9) Importer(815301076,1909f56bfc062723c751e8b465ee728b)
Start importing Assets/Dialogs/NewDialog.asset using Guid(50586092ecfc3a34cb47c052032fd7f9) Importer(815301076,1909f56bfc062723c751e8b465ee728b)  -> (artifact id: '17d2316b8c68addaf8fffd91f318e729') in 0.005434 seconds
  Import took 0.012418 seconds .

========================================================================
Received Import Request.
  Time since last request: 0.540749 seconds.
  path: Assets/Dialogs/NewDialog.asset
  artifactKey: Guid(50586092ecfc3a34cb47c052032fd7f9) Importer(815301076,1909f56bfc062723c751e8b465ee728b)
Start importing Assets/Dialogs/NewDialog.asset using Guid(50586092ecfc3a34cb47c052032fd7f9) Importer(815301076,1909f56bfc062723c751e8b465ee728b)  -> (artifact id: '763f245a692ec426936dbcbb3423e834') in 0.005411 seconds
  Import took 0.025768 seconds .

========================================================================
Received Import Request.
  Time since last request: 0.557926 seconds.
  path: Assets/Dialogs/NewDialog.asset
  artifactKey: Guid(50586092ecfc3a34cb47c052032fd7f9) Importer(815301076,1909f56bfc062723c751e8b465ee728b)
Start importing Assets/Dialogs/NewDialog.asset using Guid(50586092ecfc3a34cb47c052032fd7f9) Importer(815301076,1909f56bfc062723c751e8b465ee728b)  -> (artifact id: '7105c33ce0d1f949ce0b45f460716e28') in 0.005160 seconds
  Import took 0.011062 seconds .

========================================================================
Received Import Request.
  Time since last request: 0.529536 seconds.
  path: Assets/Dialogs/NewDialog.asset
  artifactKey: Guid(50586092ecfc3a34cb47c052032fd7f9) Importer(815301076,1909f56bfc062723c751e8b465ee728b)
Start importing Assets/Dialogs/NewDialog.asset using Guid(50586092ecfc3a34cb47c052032fd7f9) Importer(815301076,1909f56bfc062723c751e8b465ee728b)  -> (artifact id: '92e4d1150372dee766bfd9b926f8fd09') in 0.005438 seconds
  Import took 0.011136 seconds .

========================================================================
Received Import Request.
  Time since last request: 0.448701 seconds.
  path: Assets/Dialogs/NewDialog.asset
  artifactKey: Guid(50586092ecfc3a34cb47c052032fd7f9) Importer(815301076,1909f56bfc062723c751e8b465ee728b)
Start importing Assets/Dialogs/NewDialog.asset using Guid(50586092ecfc3a34cb47c052032fd7f9) Importer(815301076,1909f56bfc062723c751e8b465ee728b)  -> (artifact id: '2feded679733684a7e515e59c4eb6e93') in 0.005015 seconds
  Import took 0.028916 seconds .

========================================================================
Received Import Request.
  Time since last request: 0.646487 seconds.
  path: Assets/Dialogs/NewDialog.asset
  artifactKey: Guid(50586092ecfc3a34cb47c052032fd7f9) Importer(815301076,1909f56bfc062723c751e8b465ee728b)
Start importing Assets/Dialogs/NewDialog.asset using Guid(50586092ecfc3a34cb47c052032fd7f9) Importer(815301076,1909f56bfc062723c751e8b465ee728b)  -> (artifact id: '6b21607609d12dfd403827d016fb64e1') in 0.005344 seconds
  Import took 0.011073 seconds .

========================================================================
Received Import Request.
  Time since last request: 0.588568 seconds.
  path: Assets/Dialogs/NewDialog.asset
  artifactKey: Guid(50586092ecfc3a34cb47c052032fd7f9) Importer(815301076,1909f56bfc062723c751e8b465ee728b)
Start importing Assets/Dialogs/NewDialog.asset using Guid(50586092ecfc3a34cb47c052032fd7f9) Importer(815301076,1909f56bfc062723c751e8b465ee728b)  -> (artifact id: 'df976cc32472d9eb27ec9281ac1d2cc3') in 0.006241 seconds
  Import took 0.012988 seconds .

========================================================================
Received Import Request.
  Time since last request: 0.536690 seconds.
  path: Assets/Dialogs/NewDialog.asset
  artifactKey: Guid(50586092ecfc3a34cb47c052032fd7f9) Importer(815301076,1909f56bfc062723c751e8b465ee728b)
Start importing Assets/Dialogs/NewDialog.asset using Guid(50586092ecfc3a34cb47c052032fd7f9) Importer(815301076,1909f56bfc062723c751e8b465ee728b)  -> (artifact id: 'b384cf6a599f70dd9dcb64504bc35fb6') in 0.005346 seconds
  Import took 0.011380 seconds .

========================================================================
Received Import Request.
  Time since last request: 0.344844 seconds.
  path: Assets/Dialogs/NewDialog.asset
  artifactKey: Guid(50586092ecfc3a34cb47c052032fd7f9) Importer(815301076,1909f56bfc062723c751e8b465ee728b)
Start importing Assets/Dialogs/NewDialog.asset using Guid(50586092ecfc3a34cb47c052032fd7f9) Importer(815301076,1909f56bfc062723c751e8b465ee728b)  -> (artifact id: '2ee87025b1773794771a0e371feef9bf') in 0.005031 seconds
  Import took 0.010716 seconds .

========================================================================
Received Import Request.
  Time since last request: 3.661527 seconds.
  path: Assets/Dialogs/NewDialog.asset
  artifactKey: Guid(50586092ecfc3a34cb47c052032fd7f9) Importer(815301076,1909f56bfc062723c751e8b465ee728b)
Start importing Assets/Dialogs/NewDialog.asset using Guid(50586092ecfc3a34cb47c052032fd7f9) Importer(815301076,1909f56bfc062723c751e8b465ee728b)  -> (artifact id: '4a469299901941008f8e646810d25b28') in 0.005031 seconds
  Import took 0.011054 seconds .

========================================================================
Received Prepare
Registering precompiled user dll's ...
Registered in 0.002539 seconds.
Begin MonoManager ReloadAssembly
Native extension for LinuxStandalone target not found
Native extension for WindowsStandalone target not found
Native extension for OSXStandalone target not found
Native extension for WebGL target not found
Refreshing native plugins compatible for Editor in 0.81 ms, found 1 plugins.
Preloading 0 native plugins for Editor in 0.00 ms.
Mono: successfully reloaded assembly
- Completed reload, in  1.075 seconds
Platform modules already initialized, skipping
Shader 'Universal Render Pipeline/Particles/Lit': fallback shader 'Universal Render Pipeline/Particles/SimpleLit' not found
Refreshing native plugins compatible for Editor in 0.82 ms, found 1 plugins.
Preloading 0 native plugins for Editor in 0.00 ms.
Unloading 3043 Unused Serialized files (Serialized files now loaded: 0)
System memory in use before: 133.6 MB.
System memory in use after: 133.8 MB.

Unloading 10 unused Assets to reduce memory usage. Loaded Objects now: 3635.
Total: 3.273100 ms (FindLiveObjects: 0.349400 ms CreateObjectMapping: 0.182200 ms MarkObjects: 2.685600 ms  DeleteObjects: 0.054800 ms)

========================================================================
Received Import Request.
  Time since last request: 38.367220 seconds.
  path: Assets/Dialogs/NewDialog.asset
  artifactKey: Guid(50586092ecfc3a34cb47c052032fd7f9) Importer(815301076,1909f56bfc062723c751e8b465ee728b)
Start importing Assets/Dialogs/NewDialog.asset using Guid(50586092ecfc3a34cb47c052032fd7f9) Importer(815301076,1909f56bfc062723c751e8b465ee728b)  -> (artifact id: '2e29cc176516e375e8169843296a734c') in 0.019421 seconds
  Import took 0.025980 seconds .

========================================================================
Received Prepare
Registering precompiled user dll's ...
Registered in 0.002960 seconds.
Begin MonoManager ReloadAssembly
Native extension for LinuxStandalone target not found
Native extension for WindowsStandalone target not found
Native extension for OSXStandalone target not found
Native extension for WebGL target not found
Refreshing native plugins compatible for Editor in 0.74 ms, found 1 plugins.
Preloading 0 native plugins for Editor in 0.00 ms.
Mono: successfully reloaded assembly
- Completed reload, in  1.082 seconds
Platform modules already initialized, skipping
Shader 'Universal Render Pipeline/Particles/Lit': fallback shader 'Universal Render Pipeline/Particles/SimpleLit' not found
Refreshing native plugins compatible for Editor in 0.92 ms, found 1 plugins.
Preloading 0 native plugins for Editor in 0.00 ms.
Unloading 3043 Unused Serialized files (Serialized files now loaded: 0)
System memory in use before: 133.6 MB.
System memory in use after: 133.8 MB.

Unloading 10 unused Assets to reduce memory usage. Loaded Objects now: 3638.
Total: 3.323600 ms (FindLiveObjects: 0.352100 ms CreateObjectMapping: 0.201100 ms MarkObjects: 2.748300 ms  DeleteObjects: 0.020900 ms)

========================================================================
Received Prepare
Registering precompiled user dll's ...
Registered in 0.002869 seconds.
Begin MonoManager ReloadAssembly
Native extension for LinuxStandalone target not found
Native extension for WindowsStandalone target not found
Native extension for OSXStandalone target not found
Native extension for WebGL target not found
Refreshing native plugins compatible for Editor in 0.81 ms, found 1 plugins.
Preloading 0 native plugins for Editor in 0.00 ms.
Mono: successfully reloaded assembly
- Completed reload, in  1.100 seconds
Platform modules already initialized, skipping
Shader 'Universal Render Pipeline/Particles/Lit': fallback shader 'Universal Render Pipeline/Particles/SimpleLit' not found
Refreshing native plugins compatible for Editor in 0.79 ms, found 1 plugins.
Preloading 0 native plugins for Editor in 0.00 ms.
Unloading 3043 Unused Serialized files (Serialized files now loaded: 0)
System memory in use before: 133.6 MB.
System memory in use after: 133.8 MB.

Unloading 10 unused Assets to reduce memory usage. Loaded Objects now: 3641.
Total: 3.361400 ms (FindLiveObjects: 0.446100 ms CreateObjectMapping: 0.232700 ms MarkObjects: 2.642000 ms  DeleteObjects: 0.039500 ms)

========================================================================
Received Prepare
Registering precompiled user dll's ...
Registered in 0.002920 seconds.
Begin MonoManager ReloadAssembly
Native extension for LinuxStandalone target not found
Native extension for WindowsStandalone target not found
Native extension for OSXStandalone target not found
Native extension for WebGL target not found
Refreshing native plugins compatible for Editor in 0.79 ms, found 1 plugins.
Preloading 0 native plugins for Editor in 0.00 ms.
Mono: successfully reloaded assembly
- Completed reload, in  1.111 seconds
Platform modules already initialized, skipping
Shader 'Universal Render Pipeline/Particles/Lit': fallback shader 'Universal Render Pipeline/Particles/SimpleLit' not found
Refreshing native plugins compatible for Editor in 0.84 ms, found 1 plugins.
Preloading 0 native plugins for Editor in 0.00 ms.
Unloading 3043 Unused Serialized files (Serialized files now loaded: 0)
System memory in use before: 133.6 MB.
System memory in use after: 133.8 MB.

Unloading 10 unused Assets to reduce memory usage. Loaded Objects now: 3644.
Total: 3.289600 ms (FindLiveObjects: 0.335300 ms CreateObjectMapping: 0.215200 ms MarkObjects: 2.718200 ms  DeleteObjects: 0.019700 ms)

========================================================================
Received Prepare
Registering precompiled user dll's ...
Registered in 0.002790 seconds.
Begin MonoManager ReloadAssembly
Native extension for LinuxStandalone target not found
Native extension for WindowsStandalone target not found
Native extension for OSXStandalone target not found
Native extension for WebGL target not found
Refreshing native plugins compatible for Editor in 0.80 ms, found 1 plugins.
Preloading 0 native plugins for Editor in 0.00 ms.
Mono: successfully reloaded assembly
- Completed reload, in  1.123 seconds
Platform modules already initialized, skipping
Shader 'Universal Render Pipeline/Particles/Lit': fallback shader 'Universal Render Pipeline/Particles/SimpleLit' not found
Refreshing native plugins compatible for Editor in 0.83 ms, found 1 plugins.
Preloading 0 native plugins for Editor in 0.00 ms.
Unloading 3043 Unused Serialized files (Serialized files now loaded: 0)
System memory in use before: 133.6 MB.
System memory in use after: 133.8 MB.

Unloading 10 unused Assets to reduce memory usage. Loaded Objects now: 3647.
Total: 3.890300 ms (FindLiveObjects: 0.438600 ms CreateObjectMapping: 0.270400 ms MarkObjects: 3.154800 ms  DeleteObjects: 0.024400 ms)

========================================================================
Received Import Request.
  Time since last request: 200.105771 seconds.
  path: Assets/Dialogs/NewDialog.asset
  artifactKey: Guid(50586092ecfc3a34cb47c052032fd7f9) Importer(815301076,1909f56bfc062723c751e8b465ee728b)
Start importing Assets/Dialogs/NewDialog.asset using Guid(50586092ecfc3a34cb47c052032fd7f9) Importer(815301076,1909f56bfc062723c751e8b465ee728b)  -> (artifact id: '9799dbe937106f8dc726710f1926f27f') in 0.020243 seconds
  Import took 0.026411 seconds .

========================================================================
Received Prepare
Registering precompiled user dll's ...
Registered in 0.003635 seconds.
Begin MonoManager ReloadAssembly
Native extension for LinuxStandalone target not found
Native extension for WindowsStandalone target not found
Native extension for OSXStandalone target not found
Native extension for WebGL target not found
Refreshing native plugins compatible for Editor in 0.74 ms, found 1 plugins.
Preloading 0 native plugins for Editor in 0.00 ms.
Mono: successfully reloaded assembly
- Completed reload, in  1.118 seconds
Platform modules already initialized, skipping
Shader 'Universal Render Pipeline/Particles/Lit': fallback shader 'Universal Render Pipeline/Particles/SimpleLit' not found
Refreshing native plugins compatible for Editor in 0.82 ms, found 1 plugins.
Preloading 0 native plugins for Editor in 0.00 ms.
Unloading 3043 Unused Serialized files (Serialized files now loaded: 0)
System memory in use before: 133.6 MB.
System memory in use after: 133.8 MB.

Unloading 10 unused Assets to reduce memory usage. Loaded Objects now: 3650.
Total: 3.421000 ms (FindLiveObjects: 0.321000 ms CreateObjectMapping: 0.163100 ms MarkObjects: 2.908800 ms  DeleteObjects: 0.026800 ms)

========================================================================
Received Prepare
Registering precompiled user dll's ...
Registered in 0.003416 seconds.
Begin MonoManager ReloadAssembly
Native extension for LinuxStandalone target not found
Native extension for WindowsStandalone target not found
Native extension for OSXStandalone target not found
Native extension for WebGL target not found
Refreshing native plugins compatible for Editor in 0.75 ms, found 1 plugins.
Preloading 0 native plugins for Editor in 0.00 ms.
Mono: successfully reloaded assembly
- Completed reload, in  1.221 seconds
Platform modules already initialized, skipping
Shader 'Universal Render Pipeline/Particles/Lit': fallback shader 'Universal Render Pipeline/Particles/SimpleLit' not found
Refreshing native plugins compatible for Editor in 1.04 ms, found 1 plugins.
Preloading 0 native plugins for Editor in 0.00 ms.
Unloading 3043 Unused Serialized files (Serialized files now loaded: 0)
System memory in use before: 133.6 MB.
System memory in use after: 133.8 MB.

Unloading 10 unused Assets to reduce memory usage. Loaded Objects now: 3653.
Total: 3.503500 ms (FindLiveObjects: 0.389300 ms CreateObjectMapping: 0.190600 ms MarkObjects: 2.893200 ms  DeleteObjects: 0.028800 ms)

========================================================================
Received Prepare
Registering precompiled user dll's ...
Registered in 0.002919 seconds.
Begin MonoManager ReloadAssembly
Native extension for LinuxStandalone target not found
Native extension for WindowsStandalone target not found
Native extension for OSXStandalone target not found
Native extension for WebGL target not found
Refreshing native plugins compatible for Editor in 0.96 ms, found 1 plugins.
Preloading 0 native plugins for Editor in 0.00 ms.
Mono: successfully reloaded assembly
- Completed reload, in  1.548 seconds
Platform modules already initialized, skipping
Shader 'Universal Render Pipeline/Particles/Lit': fallback shader 'Universal Render Pipeline/Particles/SimpleLit' not found
Refreshing native plugins compatible for Editor in 0.79 ms, found 1 plugins.
Preloading 0 native plugins for Editor in 0.00 ms.
Unloading 3043 Unused Serialized files (Serialized files now loaded: 0)
System memory in use before: 133.6 MB.
System memory in use after: 133.8 MB.

Unloading 10 unused Assets to reduce memory usage. Loaded Objects now: 3656.
Total: 3.729200 ms (FindLiveObjects: 0.631600 ms CreateObjectMapping: 0.278000 ms MarkObjects: 2.766800 ms  DeleteObjects: 0.051600 ms)

========================================================================
Received Prepare
Registering precompiled user dll's ...
Registered in 0.002906 seconds.
Begin MonoManager ReloadAssembly
Native extension for LinuxStandalone target not found
Native extension for WindowsStandalone target not found
Native extension for OSXStandalone target not found
Native extension for WebGL target not found
Refreshing native plugins compatible for Editor in 0.93 ms, found 1 plugins.
Preloading 0 native plugins for Editor in 0.00 ms.
Mono: successfully reloaded assembly
- Completed reload, in  1.522 seconds
Platform modules already initialized, skipping
Shader 'Universal Render Pipeline/Particles/Lit': fallback shader 'Universal Render Pipeline/Particles/SimpleLit' not found
Refreshing native plugins compatible for Editor in 1.61 ms, found 1 plugins.
Preloading 0 native plugins for Editor in 0.00 ms.
Unloading 3043 Unused Serialized files (Serialized files now loaded: 0)
System memory in use before: 133.6 MB.
System memory in use after: 133.8 MB.

Unloading 10 unused Assets to reduce memory usage. Loaded Objects now: 3659.
Total: 4.721900 ms (FindLiveObjects: 0.428300 ms CreateObjectMapping: 0.322000 ms MarkObjects: 3.947500 ms  DeleteObjects: 0.022300 ms)

========================================================================
Received Prepare
Registering precompiled user dll's ...
Registered in 0.002953 seconds.
Begin MonoManager ReloadAssembly
Native extension for LinuxStandalone target not found
Native extension for WindowsStandalone target not found
Native extension for OSXStandalone target not found
Native extension for WebGL target not found
Refreshing native plugins compatible for Editor in 0.83 ms, found 1 plugins.
Preloading 0 native plugins for Editor in 0.00 ms.
Mono: successfully reloaded assembly
- Completed reload, in  1.541 seconds
Platform modules already initialized, skipping
Shader 'Universal Render Pipeline/Particles/Lit': fallback shader 'Universal Render Pipeline/Particles/SimpleLit' not found
Refreshing native plugins compatible for Editor in 1.23 ms, found 1 plugins.
Preloading 0 native plugins for Editor in 0.00 ms.
Unloading 3043 Unused Serialized files (Serialized files now loaded: 0)
System memory in use before: 133.6 MB.
System memory in use after: 133.9 MB.

Unloading 10 unused Assets to reduce memory usage. Loaded Objects now: 3662.
Total: 3.368700 ms (FindLiveObjects: 0.332000 ms CreateObjectMapping: 0.184900 ms MarkObjects: 2.814400 ms  DeleteObjects: 0.036000 ms)

========================================================================
Received Prepare
Registering precompiled user dll's ...
Registered in 0.002806 seconds.
Begin MonoManager ReloadAssembly
Native extension for LinuxStandalone target not found
Native extension for WindowsStandalone target not found
Native extension for OSXStandalone target not found
Native extension for WebGL target not found
Refreshing native plugins compatible for Editor in 1.01 ms, found 1 plugins.
Preloading 0 native plugins for Editor in 0.00 ms.
Mono: successfully reloaded assembly
- Completed reload, in  1.578 seconds
Platform modules already initialized, skipping
Shader 'Universal Render Pipeline/Particles/Lit': fallback shader 'Universal Render Pipeline/Particles/SimpleLit' not found
Refreshing native plugins compatible for Editor in 0.92 ms, found 1 plugins.
Preloading 0 native plugins for Editor in 0.00 ms.
Unloading 3043 Unused Serialized files (Serialized files now loaded: 0)
System memory in use before: 133.6 MB.
System memory in use after: 133.9 MB.

Unloading 10 unused Assets to reduce memory usage. Loaded Objects now: 3665.
Total: 6.718600 ms (FindLiveObjects: 0.668700 ms CreateObjectMapping: 0.410900 ms MarkObjects: 5.578800 ms  DeleteObjects: 0.057700 ms)

========================================================================
Received Prepare
Registering precompiled user dll's ...
Registered in 0.002949 seconds.
Begin MonoManager ReloadAssembly
Native extension for LinuxStandalone target not found
Native extension for WindowsStandalone target not found
Native extension for OSXStandalone target not found
Native extension for WebGL target not found
Refreshing native plugins compatible for Editor in 0.77 ms, found 1 plugins.
Preloading 0 native plugins for Editor in 0.00 ms.
Mono: successfully reloaded assembly
- Completed reload, in  1.134 seconds
Platform modules already initialized, skipping
Shader 'Universal Render Pipeline/Particles/Lit': fallback shader 'Universal Render Pipeline/Particles/SimpleLit' not found
Refreshing native plugins compatible for Editor in 0.83 ms, found 1 plugins.
Preloading 0 native plugins for Editor in 0.00 ms.
Unloading 3043 Unused Serialized files (Serialized files now loaded: 0)
System memory in use before: 133.6 MB.
System memory in use after: 133.9 MB.

Unloading 10 unused Assets to reduce memory usage. Loaded Objects now: 3668.
Total: 3.662500 ms (FindLiveObjects: 0.465300 ms CreateObjectMapping: 0.310600 ms MarkObjects: 2.827800 ms  DeleteObjects: 0.057500 ms)

========================================================================
Received Prepare
Registering precompiled user dll's ...
Registered in 0.002795 seconds.
Begin MonoManager ReloadAssembly
Native extension for LinuxStandalone target not found
Native extension for WindowsStandalone target not found
Native extension for OSXStandalone target not found
Native extension for WebGL target not found
Refreshing native plugins compatible for Editor in 0.91 ms, found 1 plugins.
Preloading 0 native plugins for Editor in 0.00 ms.
Mono: successfully reloaded assembly
- Completed reload, in  1.122 seconds
Platform modules already initialized, skipping
Shader 'Universal Render Pipeline/Particles/Lit': fallback shader 'Universal Render Pipeline/Particles/SimpleLit' not found
Refreshing native plugins compatible for Editor in 0.80 ms, found 1 plugins.
Preloading 0 native plugins for Editor in 0.00 ms.
Unloading 3043 Unused Serialized files (Serialized files now loaded: 0)
System memory in use before: 133.7 MB.
System memory in use after: 133.9 MB.

Unloading 10 unused Assets to reduce memory usage. Loaded Objects now: 3671.
Total: 3.304700 ms (FindLiveObjects: 0.370500 ms CreateObjectMapping: 0.168100 ms MarkObjects: 2.715300 ms  DeleteObjects: 0.049600 ms)

========================================================================
Received Prepare
Registering precompiled user dll's ...
Registered in 0.002795 seconds.
Begin MonoManager ReloadAssembly
Native extension for LinuxStandalone target not found
Native extension for WindowsStandalone target not found
Native extension for OSXStandalone target not found
Native extension for WebGL target not found
Refreshing native plugins compatible for Editor in 0.78 ms, found 1 plugins.
Preloading 0 native plugins for Editor in 0.00 ms.
Mono: successfully reloaded assembly
- Completed reload, in  1.119 seconds
Platform modules already initialized, skipping
Shader 'Universal Render Pipeline/Particles/Lit': fallback shader 'Universal Render Pipeline/Particles/SimpleLit' not found
Refreshing native plugins compatible for Editor in 0.79 ms, found 1 plugins.
Preloading 0 native plugins for Editor in 0.00 ms.
Unloading 3043 Unused Serialized files (Serialized files now loaded: 0)
System memory in use before: 133.7 MB.
System memory in use after: 133.9 MB.

Unloading 10 unused Assets to reduce memory usage. Loaded Objects now: 3674.
Total: 3.628900 ms (FindLiveObjects: 0.331000 ms CreateObjectMapping: 0.271900 ms MarkObjects: 2.979700 ms  DeleteObjects: 0.045200 ms)

========================================================================
Received Prepare
Registering precompiled user dll's ...
Registered in 0.002795 seconds.
Begin MonoManager ReloadAssembly
Native extension for LinuxStandalone target not found
Native extension for WindowsStandalone target not found
Native extension for OSXStandalone target not found
Native extension for WebGL target not found
Refreshing native plugins compatible for Editor in 0.78 ms, found 1 plugins.
Preloading 0 native plugins for Editor in 0.00 ms.
Mono: successfully reloaded assembly
- Completed reload, in  1.203 seconds
Platform modules already initialized, skipping
Shader 'Universal Render Pipeline/Particles/Lit': fallback shader 'Universal Render Pipeline/Particles/SimpleLit' not found
Refreshing native plugins compatible for Editor in 0.79 ms, found 1 plugins.
Preloading 0 native plugins for Editor in 0.00 ms.
Unloading 3043 Unused Serialized files (Serialized files now loaded: 0)
System memory in use before: 133.7 MB.
System memory in use after: 133.9 MB.

Unloading 10 unused Assets to reduce memory usage. Loaded Objects now: 3677.
Total: 3.813200 ms (FindLiveObjects: 0.536200 ms CreateObjectMapping: 0.173800 ms MarkObjects: 3.025400 ms  DeleteObjects: 0.076200 ms)

========================================================================
Received Prepare
Registering precompiled user dll's ...
Registered in 0.003703 seconds.
Begin MonoManager ReloadAssembly
Native extension for LinuxStandalone target not found
Native extension for WindowsStandalone target not found
Native extension for OSXStandalone target not found
Native extension for WebGL target not found
Refreshing native plugins compatible for Editor in 1.42 ms, found 1 plugins.
Preloading 0 native plugins for Editor in 0.00 ms.
Mono: successfully reloaded assembly
- Completed reload, in  1.722 seconds
Platform modules already initialized, skipping
Shader 'Universal Render Pipeline/Particles/Lit': fallback shader 'Universal Render Pipeline/Particles/SimpleLit' not found
Refreshing native plugins compatible for Editor in 1.15 ms, found 1 plugins.
Preloading 0 native plugins for Editor in 0.00 ms.
Unloading 3043 Unused Serialized files (Serialized files now loaded: 0)
System memory in use before: 133.7 MB.
System memory in use after: 133.9 MB.

Unloading 10 unused Assets to reduce memory usage. Loaded Objects now: 3680.
Total: 4.320000 ms (FindLiveObjects: 0.744700 ms CreateObjectMapping: 0.298700 ms MarkObjects: 3.247600 ms  DeleteObjects: 0.027000 ms)

========================================================================
Received Prepare
Registering precompiled user dll's ...
Registered in 0.003031 seconds.
Begin MonoManager ReloadAssembly
Native extension for LinuxStandalone target not found
Native extension for WindowsStandalone target not found
Native extension for OSXStandalone target not found
Native extension for WebGL target not found
Refreshing native plugins compatible for Editor in 0.90 ms, found 1 plugins.
Preloading 0 native plugins for Editor in 0.00 ms.
Mono: successfully reloaded assembly
- Completed reload, in  1.174 seconds
Platform modules already initialized, skipping
Shader 'Universal Render Pipeline/Particles/Lit': fallback shader 'Universal Render Pipeline/Particles/SimpleLit' not found
Refreshing native plugins compatible for Editor in 0.91 ms, found 1 plugins.
Preloading 0 native plugins for Editor in 0.00 ms.
Unloading 3043 Unused Serialized files (Serialized files now loaded: 0)
System memory in use before: 133.7 MB.
System memory in use after: 133.9 MB.

Unloading 10 unused Assets to reduce memory usage. Loaded Objects now: 3683.
Total: 3.197300 ms (FindLiveObjects: 0.353600 ms CreateObjectMapping: 0.183300 ms MarkObjects: 2.604600 ms  DeleteObjects: 0.054600 ms)

========================================================================
Received Import Request.
  Time since last request: 1764.439892 seconds.
  path: Assets/Dialogs/NewDialog.asset
  artifactKey: Guid(50586092ecfc3a34cb47c052032fd7f9) Importer(815301076,1909f56bfc062723c751e8b465ee728b)
Start importing Assets/Dialogs/NewDialog.asset using Guid(50586092ecfc3a34cb47c052032fd7f9) Importer(815301076,1909f56bfc062723c751e8b465ee728b)  -> (artifact id: '568a9ba02c2daab1af997339abfed0f2') in 0.020726 seconds
  Import took 0.027485 seconds .

========================================================================
Received Prepare
Registering precompiled user dll's ...
Registered in 0.002817 seconds.
Begin MonoManager ReloadAssembly
Native extension for LinuxStandalone target not found
Native extension for WindowsStandalone target not found
Native extension for OSXStandalone target not found
Native extension for WebGL target not found
Refreshing native plugins compatible for Editor in 0.79 ms, found 1 plugins.
Preloading 0 native plugins for Editor in 0.00 ms.
Mono: successfully reloaded assembly
- Completed reload, in  1.090 seconds
Platform modules already initialized, skipping
Shader 'Universal Render Pipeline/Particles/Lit': fallback shader 'Universal Render Pipeline/Particles/SimpleLit' not found
Refreshing native plugins compatible for Editor in 0.83 ms, found 1 plugins.
Preloading 0 native plugins for Editor in 0.00 ms.
Unloading 3043 Unused Serialized files (Serialized files now loaded: 0)
System memory in use before: 133.7 MB.
System memory in use after: 133.9 MB.

Unloading 10 unused Assets to reduce memory usage. Loaded Objects now: 3686.
Total: 3.506400 ms (FindLiveObjects: 0.384000 ms CreateObjectMapping: 0.190100 ms MarkObjects: 2.860800 ms  DeleteObjects: 0.070300 ms)

========================================================================
Received Prepare
Registering precompiled user dll's ...
Registered in 0.002827 seconds.
Begin MonoManager ReloadAssembly
Native extension for LinuxStandalone target not found
Native extension for WindowsStandalone target not found
Native extension for OSXStandalone target not found
Native extension for WebGL target not found
Refreshing native plugins compatible for Editor in 0.74 ms, found 1 plugins.
Preloading 0 native plugins for Editor in 0.00 ms.
Mono: successfully reloaded assembly
- Completed reload, in  1.252 seconds
Platform modules already initialized, skipping
Shader 'Universal Render Pipeline/Particles/Lit': fallback shader 'Universal Render Pipeline/Particles/SimpleLit' not found
Refreshing native plugins compatible for Editor in 0.79 ms, found 1 plugins.
Preloading 0 native plugins for Editor in 0.00 ms.
Unloading 3043 Unused Serialized files (Serialized files now loaded: 0)
System memory in use before: 133.7 MB.
System memory in use after: 133.9 MB.

Unloading 10 unused Assets to reduce memory usage. Loaded Objects now: 3689.
Total: 3.487500 ms (FindLiveObjects: 0.330400 ms CreateObjectMapping: 0.165900 ms MarkObjects: 2.942000 ms  DeleteObjects: 0.048000 ms)

========================================================================
Received Prepare
Registering precompiled user dll's ...
Registered in 0.002724 seconds.
Begin MonoManager ReloadAssembly
Native extension for LinuxStandalone target not found
Native extension for WindowsStandalone target not found
Native extension for OSXStandalone target not found
Native extension for WebGL target not found
Refreshing native plugins compatible for Editor in 0.87 ms, found 1 plugins.
Preloading 0 native plugins for Editor in 0.00 ms.
Mono: successfully reloaded assembly
- Completed reload, in  1.135 seconds
Platform modules already initialized, skipping
Shader 'Universal Render Pipeline/Particles/Lit': fallback shader 'Universal Render Pipeline/Particles/SimpleLit' not found
Refreshing native plugins compatible for Editor in 0.95 ms, found 1 plugins.
Preloading 0 native plugins for Editor in 0.00 ms.
Unloading 3043 Unused Serialized files (Serialized files now loaded: 0)
System memory in use before: 133.7 MB.
System memory in use after: 133.9 MB.

Unloading 10 unused Assets to reduce memory usage. Loaded Objects now: 3692.
Total: 3.489100 ms (FindLiveObjects: 0.402100 ms CreateObjectMapping: 0.220900 ms MarkObjects: 2.814900 ms  DeleteObjects: 0.049500 ms)

========================================================================
Received Prepare
Registering precompiled user dll's ...
Registered in 0.002685 seconds.
Begin MonoManager ReloadAssembly
Native extension for LinuxStandalone target not found
Native extension for WindowsStandalone target not found
Native extension for OSXStandalone target not found
Native extension for WebGL target not found
Refreshing native plugins compatible for Editor in 0.81 ms, found 1 plugins.
Preloading 0 native plugins for Editor in 0.00 ms.
Mono: successfully reloaded assembly
- Completed reload, in  1.216 seconds
Platform modules already initialized, skipping
Shader 'Universal Render Pipeline/Particles/Lit': fallback shader 'Universal Render Pipeline/Particles/SimpleLit' not found
Refreshing native plugins compatible for Editor in 0.84 ms, found 1 plugins.
Preloading 0 native plugins for Editor in 0.00 ms.
Unloading 3043 Unused Serialized files (Serialized files now loaded: 0)
System memory in use before: 133.7 MB.
System memory in use after: 133.9 MB.

Unloading 10 unused Assets to reduce memory usage. Loaded Objects now: 3695.
Total: 3.738500 ms (FindLiveObjects: 0.793100 ms CreateObjectMapping: 0.211900 ms MarkObjects: 2.675800 ms  DeleteObjects: 0.056300 ms)

========================================================================
Received Prepare
Registering precompiled user dll's ...
Registered in 0.002816 seconds.
Begin MonoManager ReloadAssembly
Native extension for LinuxStandalone target not found
Native extension for WindowsStandalone target not found
Native extension for OSXStandalone target not found
Native extension for WebGL target not found
Refreshing native plugins compatible for Editor in 0.84 ms, found 1 plugins.
Preloading 0 native plugins for Editor in 0.00 ms.
Mono: successfully reloaded assembly
- Completed reload, in  1.166 seconds
Platform modules already initialized, skipping
Shader 'Universal Render Pipeline/Particles/Lit': fallback shader 'Universal Render Pipeline/Particles/SimpleLit' not found
Refreshing native plugins compatible for Editor in 1.23 ms, found 1 plugins.
Preloading 0 native plugins for Editor in 0.00 ms.
Unloading 3043 Unused Serialized files (Serialized files now loaded: 0)
System memory in use before: 133.7 MB.
System memory in use after: 134.0 MB.

Unloading 10 unused Assets to reduce memory usage. Loaded Objects now: 3698.
Total: 5.743400 ms (FindLiveObjects: 0.549300 ms CreateObjectMapping: 0.291100 ms MarkObjects: 4.847900 ms  DeleteObjects: 0.053400 ms)

========================================================================
Received Import Request.
  Time since last request: 355.682277 seconds.
  path: Assets/Scenes/MainScene.unity
  artifactKey: Guid(2cda990e2423bbf4892e6590ba056729) Importer(815301076,1909f56bfc062723c751e8b465ee728b)
Start importing Assets/Scenes/MainScene.unity using Guid(2cda990e2423bbf4892e6590ba056729) Importer(815301076,1909f56bfc062723c751e8b465ee728b)  -> (artifact id: '68c0359eadaa7f97f6862da2942070aa') in 0.028399 seconds
  Import took 0.042015 seconds .

========================================================================
Received Import Request.
  Time since last request: 0.127286 seconds.
  path: Assets/Scenes/MainScene.unity
  artifactKey: Guid(2cda990e2423bbf4892e6590ba056729) Importer(815301076,1909f56bfc062723c751e8b465ee728b)
Start importing Assets/Scenes/MainScene.unity using Guid(2cda990e2423bbf4892e6590ba056729) Importer(815301076,1909f56bfc062723c751e8b465ee728b)  -> (artifact id: '68c0359eadaa7f97f6862da2942070aa') in 0.003064 seconds
  Import took 0.010504 seconds .

========================================================================
Received Prepare
Registering precompiled user dll's ...
Registered in 0.003698 seconds.
Begin MonoManager ReloadAssembly
Native extension for LinuxStandalone target not found
Native extension for WindowsStandalone target not found
Native extension for OSXStandalone target not found
Native extension for WebGL target not found
Refreshing native plugins compatible for Editor in 0.87 ms, found 1 plugins.
Preloading 0 native plugins for Editor in 0.00 ms.
Mono: successfully reloaded assembly
- Completed reload, in  1.159 seconds
Platform modules already initialized, skipping
Shader 'Universal Render Pipeline/Particles/Lit': fallback shader 'Universal Render Pipeline/Particles/SimpleLit' not found
Refreshing native plugins compatible for Editor in 0.88 ms, found 1 plugins.
Preloading 0 native plugins for Editor in 0.00 ms.
Unloading 3043 Unused Serialized files (Serialized files now loaded: 0)
System memory in use before: 133.7 MB.
System memory in use after: 134.0 MB.

Unloading 10 unused Assets to reduce memory usage. Loaded Objects now: 3701.
Total: 3.279200 ms (FindLiveObjects: 0.354200 ms CreateObjectMapping: 0.200600 ms MarkObjects: 2.684200 ms  DeleteObjects: 0.038700 ms)

========================================================================
Received Prepare
Registering precompiled user dll's ...
Registered in 0.003120 seconds.
Begin MonoManager ReloadAssembly
Native extension for LinuxStandalone target not found
Native extension for WindowsStandalone target not found
Native extension for OSXStandalone target not found
Native extension for WebGL target not found
Refreshing native plugins compatible for Editor in 0.95 ms, found 1 plugins.
Preloading 0 native plugins for Editor in 0.00 ms.
Mono: successfully reloaded assembly
- Completed reload, in  1.237 seconds
Platform modules already initialized, skipping
Shader 'Universal Render Pipeline/Particles/Lit': fallback shader 'Universal Render Pipeline/Particles/SimpleLit' not found
Refreshing native plugins compatible for Editor in 0.98 ms, found 1 plugins.
Preloading 0 native plugins for Editor in 0.00 ms.
Unloading 3043 Unused Serialized files (Serialized files now loaded: 0)
System memory in use before: 133.8 MB.
System memory in use after: 134.0 MB.

Unloading 10 unused Assets to reduce memory usage. Loaded Objects now: 3704.
Total: 3.210800 ms (FindLiveObjects: 0.374000 ms CreateObjectMapping: 0.207100 ms MarkObjects: 2.588200 ms  DeleteObjects: 0.039800 ms)

AssetImportWorkerClient::OnTransportError - code=2 error=End of file
